<?xml version="1.0" encoding="UTF-8" ?>
<testsuite failures="0" time="0.006" errors="1" skipped="0" tests="1" name="org.ClassLoaderForTestingTest">
  <properties>
[...]
</properties>
  <testcase time="0.003" classname="org.ClassLoaderForTestingTest" name="shouldLoadClassesFromClasspath">
    <error message="" type="java.lang.ClassNotFoundException">java.lang.ClassNotFoundException: 
	at org.definilizer.ClassLoaderForTesting.getClassAsBytes(ClassLoaderForTesting.java:74)
	at org.definilizer.ClassLoaderForTesting.loadClassManually(ClassLoaderForTesting.java:37)
	at org.definilizer.ClassLoaderForTesting.loadClass(ClassLoaderForTesting.java:33)
	at java.lang.ClassLoader.loadClass(ClassLoader.java:251)
	at org.ClassLoaderForTestingTest.shouldLoadClassesFromClasspath(ClassLoaderForTestingTest.java:16)
	at sun.reflect.NativeMethodAccessorImpl.invoke0(Native Method)
	at sun.reflect.NativeMethodAccessorImpl.invoke(NativeMethodAccessorImpl.java:39)
	at sun.reflect.DelegatingMethodAccessorImpl.invoke(DelegatingMethodAccessorImpl.java:25)
	at java.lang.reflect.Method.invoke(Method.java:597)
	at org.junit.internal.runners.TestMethod.invoke(TestMethod.java:59)
	at org.junit.internal.runners.MethodRoadie.runTestMethod(MethodRoadie.java:98)
	at org.junit.internal.runners.MethodRoadie$2.run(MethodRoadie.java:79)
	at org.junit.internal.runners.MethodRoadie.runBeforesThenTestThenAfters(MethodRoadie.java:87)
	at org.junit.internal.runners.MethodRoadie.runTest(MethodRoadie.java:77)
	at org.junit.internal.runners.MethodRoadie.run(MethodRoadie.java:42)
	at org.junit.internal.runners.JUnit4ClassRunner.invokeTestMethod(JUnit4ClassRunner.java:88)
	at org.junit.internal.runners.JUnit4ClassRunner.runMethods(JUnit4ClassRunner.java:51)
	at org.junit.internal.runners.JUnit4ClassRunner$1.run(JUnit4ClassRunner.java:44)
	at org.junit.internal.runners.ClassRoadie.runUnprotected(ClassRoadie.java:27)
	at org.junit.internal.runners.ClassRoadie.runProtected(ClassRoadie.java:37)
	at org.junit.internal.runners.JUnit4ClassRunner.run(JUnit4ClassRunner.java:42)
	at org.apache.maven.surefire.junit4.JUnit4TestSet.execute(JUnit4TestSet.java:62)
	at org.apache.maven.surefire.suite.AbstractDirectoryTestSuite.executeTestSet(AbstractDirectoryTestSuite.java:140)
	at org.apache.maven.surefire.suite.AbstractDirectoryTestSuite.execute(AbstractDirectoryTestSuite.java:127)
	at org.apache.maven.surefire.Surefire.run(Surefire.java:177)
	at sun.reflect.NativeMethodAccessorImpl.invoke0(Native Method)
	at sun.reflect.NativeMethodAccessorImpl.invoke(NativeMethodAccessorImpl.java:39)
	at sun.reflect.DelegatingMethodAccessorImpl.invoke(DelegatingMethodAccessorImpl.java:25)
	at java.lang.reflect.Method.invoke(Method.java:597)
	at org.apache.maven.surefire.booter.SurefireBooter.runSuitesInProcess(SurefireBooter.java:338)
	at org.apache.maven.surefire.booter.SurefireBooter.main(SurefireBooter.java:997)
Caused by: java.io.IOException: Cannot find home/lib/Data.class
	at org.definilizer.ClassLoaderForTesting.getClassAsBytes(ClassLoaderForTesting.java:61)
	... 30 more
</error>
  </testcase>
</testsuite>